Date and Time: Wed Nov 15 16:18:06 2017
--------------------------------------------------------------------------------------------------------------
IMAGE USED: /home/ross/Data/Hyperspectral/Fractals_Images/Fractal1_noise_110/Fractal1_noise_110

Compiling diagram...
Checking logical order...
Logical order ---> OK
Diagram checked ---> OK
Executing chain...

******** Starting execution number: 1 ********


End of execution...

--------------------------------------------------------------------------------------------------------------
Date and Time: Wed Nov 15 16:18:13 2017
--------------------------------------------------------------------------------------------------------------
IMAGE USED: /home/ross/Data/Hyperspectral/Fractals_Images/Fractal1_noise_110/Fractal1_noise_110

Compiling diagram...
Checking logical order...
Logical order ---> OK
Diagram checked ---> OK
Executing chain...

******** Starting execution number: 1 ********


End of execution...

--------------------------------------------------------------------------------------------------------------
Date and Time: Wed Nov 15 16:18:15 2017
--------------------------------------------------------------------------------------------------------------
IMAGE USED: /home/ross/Data/Hyperspectral/Fractals_Images/Fractal1_noise_110/Fractal1_noise_110

Compiling diagram...
Checking logical order...
Logical order ---> OK
Diagram checked ---> OK
Executing chain...

******** Starting execution number: 1 ********


End of execution...

--------------------------------------------------------------------------------------------------------------
Date and Time: Wed Nov 15 16:19:40 2017
--------------------------------------------------------------------------------------------------------------
IMAGE USED: /home/ross/Data/Hyperspectral/Fractals_Images/Fractal1_noise_110/Fractal1_noise_110

Compiling diagram...
Checking logical order...
Logical order ---> OK
Diagram checked ---> OK
Executing chain...

******** Starting execution number: 1 ********

Iterative VD: 4.933275 segundos

End of execution...

--------------------------------------------------------------------------------------------------------------
Date and Time: Wed Nov 15 16:20:51 2017
--------------------------------------------------------------------------------------------------------------
IMAGE USED: /home/ross/Data/Hyperspectral/Fractals_Images/Fractal1_noise_110/Fractal1_noise_110

Compiling diagram...
Checking logical order...
Logical order ---> OK
Diagram checked ---> OK
Executing chain...

******** Starting execution number: 1 ********


End of execution...

--------------------------------------------------------------------------------------------------------------
Date and Time: Wed Nov 15 16:21:46 2017
--------------------------------------------------------------------------------------------------------------
IMAGE USED: /home/ross/Data/Hyperspectral/Fractals_Images/Fractal1_noise_110/Fractal1_noise_110

Compiling diagram...
Checking logical order...
Logical order ---> OK
Diagram checked ---> OK
Executing chain...

******** Starting execution number: 1 ********

Iterative VD: 1.589800 segundos

End of execution...

--------------------------------------------------------------------------------------------------------------
Date and Time: Wed Nov 15 16:25:43 2017
--------------------------------------------------------------------------------------------------------------
IMAGE USED: /home/ross/Data/Hyperspectral/Fractals_Images/Fractal1_noise_110/Fractal1_noise_110

Compiling diagram...
Checking logical order...
Logical order ---> OK
Diagram checked ---> OK
Executing chain...

******** Starting execution number: 1 ********

Iterative VD: 2.827489 segundos

******** Starting execution number: 2 ********

Iterative VD: 1.584466 segundos

******** Starting execution number: 3 ********

Iterative VD: 1.392442 segundos

******** Starting execution number: 4 ********

Iterative VD: 0.960634 segundos

******** Starting execution number: 5 ********

Iterative VD: 0.856912 segundos

******** Starting execution number: 6 ********

Iterative VD: 0.884227 segundos

******** Starting execution number: 7 ********

Iterative VD: 1.098615 segundos

******** Starting execution number: 8 ********

Iterative VD: 0.834060 segundos

******** Starting execution number: 9 ********

Iterative VD: 0.861760 segundos

******** Starting execution number: 10 ********

Iterative VD: 0.898320 segundos

End of execution...

--------------------------------------------------------------------------------------------------------------
Date and Time: Wed Nov 15 16:27:20 2017
--------------------------------------------------------------------------------------------------------------
IMAGE USED: /home/ross/Data/Hyperspectral/Fractals_Images/Fractal1_noise_110/Fractal1_noise_110

Compiling diagram...
Checking logical order...
Logical order ---> OK
Diagram checked ---> OK
Executing chain...

******** Starting execution number: 1 ********

Iterative VD: 1.960441 segundos

End of execution...

--------------------------------------------------------------------------------------------------------------
Date and Time: Wed Nov 15 16:27:23 2017
--------------------------------------------------------------------------------------------------------------
IMAGE USED: /home/ross/Data/Hyperspectral/Fractals_Images/Fractal1_noise_110/Fractal1_noise_110

Compiling diagram...
Checking logical order...
Logical order ---> OK
Diagram checked ---> OK
Executing chain...

******** Starting execution number: 1 ********

Iterative VD: 2.151203 segundos

******** Starting execution number: 2 ********

Iterative VD: 1.540886 segundos

******** Starting execution number: 3 ********

Iterative VD: 1.825911 segundos

End of execution...

--------------------------------------------------------------------------------------------------------------
Date and Time: Wed Nov 15 16:53:23 2017
--------------------------------------------------------------------------------------------------------------
IMAGE USED: /home/ross/Data/Hyperspectral/Fractals_Images/Fractal1_noise_110/Fractal1_noise_110

Compiling diagram...
Checking logical order...
Logical order ---> OK
Diagram checked ---> OK
Executing chain...

******** Starting execution number: 1 ********

Iterative VD: 2.222952 segundos

******** Starting execution number: 2 ********

Iterative VD: 1.315030 segundos

******** Starting execution number: 3 ********

Iterative VD: 0.881598 segundos

End of execution...

--------------------------------------------------------------------------------------------------------------
Date and Time: Wed Nov 15 16:55:51 2017
--------------------------------------------------------------------------------------------------------------
IMAGE USED: /home/ross/Data/Hyperspectral/Fractals_Images/Fractal1_noise_110/Fractal1_noise_110

Compiling diagram...
Checking logical order...
Logical order ---> OK
Diagram checked ---> OK
Executing chain...

******** Starting execution number: 1 ********

Iterative VD: 1.616580 segundos
Iterative IEA: 2.618978 segundos

******** Starting execution number: 2 ********

Iterative VD: 1.818050 segundos
Iterative IEA: 0.554173 segundos

******** Starting execution number: 3 ********

Iterative VD: 2.614588 segundos
Iterative IEA: 0.000505 segundos

End of execution...

--------------------------------------------------------------------------------------------------------------
Date and Time: Wed Nov 15 17:36:11 2017
--------------------------------------------------------------------------------------------------------------
IMAGE USED: /home/ross/Data/Hyperspectral/Fractals_Images (2)/Fractal1_noise_110/Fractal1_noise_110

Compiling diagram...
Checking logical order...
Logical order ---> OK
Diagram checked ---> OK
Executing chain...

******** Starting execution number: 1 ********

Iterative VD: 2.287486 segundos, Result : 0
Iterative IEA: 1.067840 segundos
Iterative ISRA: 0.001720 segundos

******** Starting execution number: 2 ********

 ** On entry to DGESVD parameter number  6 had an illegal value
 ** On entry to DGESVD parameter number  6 had an illegal value
Iterative VD: 0.000487 segundos, Result : 0
Iterative IEA: 0.000770 segundos
Iterative ISRA: 0.000334 segundos

******** Starting execution number: 3 ********

 ** On entry to DGESVD parameter number  6 had an illegal value
 ** On entry to DGESVD parameter number  6 had an illegal value
Iterative VD: 0.000400 segundos, Result : 0
Iterative IEA: 0.003341 segundos
Iterative ISRA: 0.000367 segundos

******** Starting execution number: 4 ********

 ** On entry to DGESVD parameter number  6 had an illegal value
 ** On entry to DGESVD parameter number  6 had an illegal value
Iterative VD: 0.000424 segundos, Result : 0
Iterative IEA: 0.000654 segundos
Iterative ISRA: 0.000330 segundos

End of execution...

--------------------------------------------------------------------------------------------------------------
Date and Time: Wed Nov 15 18:29:09 2017
--------------------------------------------------------------------------------------------------------------
IMAGE USED: /home/ross/Data/Hyperspectral/Fractals_Images/Fractal1_noise_110/Fractal1_noise_110

Compiling diagram...
Checking logical order...
Logical order ---> OK
Diagram checked ---> OK
Executing chain...

******** Starting execution number: 1 ********

Iterative PCA: 6.167297 segundosEXECUTION ERROR PCA Iterative: Error writing image file: .

******** Starting execution number: 2 ********

Iterative PCA: 7.066832 segundosEXECUTION ERROR PCA Iterative: Error writing image file: .

******** Starting execution number: 3 ********

Iterative PCA: 7.149808 segundosEXECUTION ERROR PCA Iterative: Error writing image file: .

******** Starting execution number: 4 ********

Iterative PCA: 5.784160 segundosEXECUTION ERROR PCA Iterative: Error writing image file: .

******** Starting execution number: 5 ********

Iterative PCA: 6.130008 segundosEXECUTION ERROR PCA Iterative: Error writing image file: .

End of execution...

--------------------------------------------------------------------------------------------------------------
Date and Time: Wed Nov 15 18:30:20 2017
--------------------------------------------------------------------------------------------------------------
IMAGE USED: /home/ross/Data/Hyperspectral/Fractals_Images/Fractal1_noise_110/Fractal1_noise_110

Compiling diagram...
Checking logical order...
Logical order ---> OK
Diagram checked ---> OK
Executing chain...

******** Starting execution number: 1 ********

Iterative PCA: 5.945849 segundos

End of execution...

--------------------------------------------------------------------------------------------------------------
Date and Time: Wed Nov 15 18:31:29 2017
--------------------------------------------------------------------------------------------------------------
IMAGE USED: /home/ross/Data/Hyperspectral/Fractals_Images/Fractal1_noise_110/Fractal1_noise_110

Compiling diagram...
Checking logical order...
Logical order ---> OK
Diagram checked ---> OK
Executing chain...

******** Starting execution number: 1 ********

 ** On entry to DGESVD parameter number  6 had an illegal value
Iterative PCA: 0.000568 segundos

******** Starting execution number: 2 ********

 ** On entry to DGESVD parameter number  6 had an illegal value
Iterative PCA: 0.000487 segundos

******** Starting execution number: 3 ********

 ** On entry to DGESVD parameter number  6 had an illegal value
Iterative PCA: 0.001882 segundos

******** Starting execution number: 4 ********

 ** On entry to DGESVD parameter number  6 had an illegal value
Iterative PCA: 0.000545 segundos

******** Starting execution number: 5 ********

 ** On entry to DGESVD parameter number  6 had an illegal value
Iterative PCA: 0.001055 segundos

******** Starting execution number: 6 ********

 ** On entry to DGESVD parameter number  6 had an illegal value
Iterative PCA: 0.000944 segundos

******** Starting execution number: 7 ********

 ** On entry to DGESVD parameter number  6 had an illegal value
Iterative PCA: 0.000447 segundos

******** Starting execution number: 8 ********

 ** On entry to DGESVD parameter number  6 had an illegal value
Iterative PCA: 0.000689 segundos

******** Starting execution number: 9 ********

 ** On entry to DGESVD parameter number  6 had an illegal value
Iterative PCA: 0.000368 segundos

******** Starting execution number: 10 ********

 ** On entry to DGESVD parameter number  6 had an illegal value
Iterative PCA: 0.001890 segundos

End of execution...

--------------------------------------------------------------------------------------------------------------
Date and Time: Thu Nov 16 11:49:47 2017
--------------------------------------------------------------------------------------------------------------
IMAGE USED: /home/ross/Data/Hyperspectral/Fractals_Images/Fractal1_noise_10/Fractal1_noise_10

Compiling diagram...
Checking logical order...
Logical order ---> OK
Diagram checked ---> OK
Executing chain...

******** Starting execution number: 1 ********

Iterative PCA: 7.048685 segundosEXECUTION ERROR PCA Iterative: Error writing image file: .

End of execution...

--------------------------------------------------------------------------------------------------------------
Date and Time: Thu Nov 16 11:50:49 2017
--------------------------------------------------------------------------------------------------------------
IMAGE USED: /home/ross/Data/Hyperspectral/Fractals_Images/Fractal1_noise_10/Fractal1_noise_10

Compiling diagram...
Checking logical order...
Logical order ---> OK
Diagram checked ---> OK
Executing chain...

******** Starting execution number: 1 ********

Iterative PCA: 7.213842 segundos

End of execution...

--------------------------------------------------------------------------------------------------------------
Date and Time: Thu Nov 16 11:51:51 2017
--------------------------------------------------------------------------------------------------------------
IMAGE USED: /home/ross/Data/Hyperspectral/Fractals_Images/Fractal1_noise_10/Fractal1_noise_10

Compiling diagram...
Checking logical order...
Logical order ---> OK
Diagram checked ---> OK
Executing chain...

******** Starting execution number: 1 ********

Iterative PCA: 8.311514 segundos

End of execution...

--------------------------------------------------------------------------------------------------------------
Date and Time: Thu Nov 16 11:52:05 2017
--------------------------------------------------------------------------------------------------------------
IMAGE USED: /home/ross/Data/Hyperspectral/Fractals_Images/Fractal1_noise_10/Fractal1_noise_10

Compiling diagram...
Checking logical order...
Logical order ---> OK
Diagram checked ---> OK
Executing chain...

******** Starting execution number: 1 ********

Iterative PCA: 10.491557 segundos

End of execution...

--------------------------------------------------------------------------------------------------------------
Date and Time: Thu Nov 16 11:52:47 2017
--------------------------------------------------------------------------------------------------------------
IMAGE USED: /home/ross/Data/Hyperspectral/Fractals_Images/Fractal1_noise_10/Fractal1_noise_10

Compiling diagram...
Checking logical order...
Logical order ---> OK
Diagram checked ---> OK
Executing chain...

******** Starting execution number: 1 ********


End of execution...

--------------------------------------------------------------------------------------------------------------
Date and Time: Thu Nov 16 11:53:42 2017
--------------------------------------------------------------------------------------------------------------
IMAGE USED: /home/ross/Data/Hyperspectral/Fractals_Images/Fractal1_noise_10/Fractal1_noise_10

Compiling diagram...
Checking logical order...
Logical order ---> OK
Diagram checked ---> OK
Executing chain...

******** Starting execution number: 1 ********

EXECUTION ERROR PCA Iterative: Parameters are not correct../PCA [Image Filename] [Number of components] [Output Result File]

End of execution...

--------------------------------------------------------------------------------------------------------------
Date and Time: Tue Apr 30 18:58:41 2019
--------------------------------------------------------------------------------------------------------------
IMAGE USED: /home/ross/Codes/HyperSpectral/Data/Moffett_full.bin

Compiling diagram...
Checking logical order...
Logical order ---> OK
Diagram checked ---> OK
Executing chain...

******** Starting execution number: 1 ********

